<?xml version="1.0" encoding="UTF-8"?>
<!-- Generated by org.testng.reporters.JUnitXMLReporter -->
<testsuite hostname="DESKTOP-SC2E7I1" ignored="0" name="Default test" tests="6" failures="0" timestamp="28 Apr 2020 07:00:18 GMT" time="341.053" errors="0">
  <testcase name="CPE_Count" time="46.84" classname="TESTS.CPEsTest"/>
  <testcase name="CPE_Goto_Template_Navigation" time="34.974" classname="TESTS.CPEsTest"/>
  <testcase name="CPE_Goto_selected_Template_Navigation" time="39.052" classname="TESTS.CPEsTest"/>
  <testcase name="CPE_search" time="33.049" classname="TESTS.CPEsTest"/>
  <testcase name="CPEPage_Edit_Alis" time="34.399" classname="TESTS.CPEsTest"/>
  <testcase name="CPEPage_Row_Edit_Alis" time="77.7" classname="TESTS.CPEsTest"/>
</testsuite> <!-- Default test -->
