<?xml version="1.0" encoding="UTF-8"?>
<!-- Generated by org.testng.reporters.JUnitXMLReporter -->
<testsuite hostname="DESKTOP-SC2E7I1" ignored="7" name="Default test(failed)(failed)(failed)(failed)" tests="1" failures="0" timestamp="27 Apr 2020 18:12:29 GMT" time="84.665" errors="0">
  <testcase name="Row_Edit_Site_Alis" time="73.686" classname="TESTS.siteTest"/>
  <testcase name="Goto_Template_Navigation" time="0.0" classname="TESTS.siteTest">
    <ignored/>
  </testcase> <!-- Goto_Template_Navigation -->
  <testcase name="Search_Test" time="0.0" classname="TESTS.siteTest">
    <ignored/>
  </testcase> <!-- Search_Test -->
  <testcase name="Goto_selected_Template_Navigation" time="0.0" classname="TESTS.siteTest">
    <ignored/>
  </testcase> <!-- Goto_selected_Template_Navigation -->
  <testcase name="sitePage_count" time="0.0" classname="TESTS.siteTest">
    <ignored/>
  </testcase> <!-- sitePage_count -->
  <testcase name="Goto_selected_CPE_Navigation" time="0.0" classname="TESTS.siteTest">
    <ignored/>
  </testcase> <!-- Goto_selected_CPE_Navigation -->
  <testcase name="Goto_CPE_Navigation" time="0.0" classname="TESTS.siteTest">
    <ignored/>
  </testcase> <!-- Goto_CPE_Navigation -->
  <testcase name="SitePage_Edit_Site_Alis" time="0.0" classname="TESTS.siteTest">
    <ignored/>
  </testcase> <!-- SitePage_Edit_Site_Alis -->
</testsuite> <!-- Default test(failed)(failed)(failed)(failed) -->
